[2024-05-17 17:32:21] Running blog_hugo build_local.sh
[2024-05-17 17:32:21] Current datetime: 2024-05-17 17:32:21
[2024-05-17 17:32:21] blog server is run at http://localhost:1313/
[2024-05-17 17:32:21] ##################################################
Watching for changes in /Users/yutianran/Documents/MyCode/blog-hugo/{archetypes,assets,content,data,i18n,layouts,static,themes}
Watching for config changes in /Users/yutianran/Documents/MyCode/blog-hugo/hugo.toml
Start building sites … 
hugo v0.125.7+extended darwin/amd64 BuildDate=2024-05-08T14:46:24Z VendorInfo=brew


                   | ZH-CN  
-------------------+--------
  Pages            |    60  
  Paginator pages  |     0  
  Non-page files   |     1  
  Static files     |    41  
  Processed images |     0  
  Aliases          |    16  
  Cleaned          |     0  

Built in 198 ms
Environment: "development"
Serving pages from disk
Running in Fast Render Mode. For full rebuilds on change: hugo server --disableFastRender
Web Server is available at http://localhost:1313/ (bind address 127.0.0.1) 
Press Ctrl+C to stop
